Log file open, 09/29/17 12:56:18
LogWindows: Failed to load 'aqProf.dll' (GetLastError=126)
LogWindows: File 'aqProf.dll' does not exist
LogWindows: Failed to load 'VSPerf140.dll' (GetLastError=126)
LogWindows: File 'VSPerf140.dll' does not exist
LogWindows: Failed to load 'VtuneApi.dll' (GetLastError=126)
LogWindows: File 'VtuneApi.dll' does not exist
LogWindows: Failed to load 'VtuneApi32e.dll' (GetLastError=126)
LogWindows: File 'VtuneApi32e.dll' does not exist
LogInit: Display: Running engine for game: MyProject
LogPlatformFile: Not using cached read wrapper
LogInit: Display: RandInit(-1675284447) SRandInit(-1675284447).
LogTaskGraph: Started task graph with 5 named threads and 14 total threads with 3 sets of task threads.
LogStats: Stats thread started at 0.166650
LogD3D11RHI: Aftermath initialized
LogPluginManager: Mounting plugin Paper2D
LogPluginManager: Mounting plugin LightPropagationVolume
LogPluginManager: Mounting plugin CodeLiteSourceCodeAccess
LogPluginManager: Mounting plugin GitSourceControl
LogPluginManager: Mounting plugin KDevelopSourceCodeAccess
LogPluginManager: Mounting plugin NullSourceCodeAccess
LogPluginManager: Mounting plugin PerforceSourceControl
LogPluginManager: Mounting plugin SubversionSourceControl
LogPluginManager: Mounting plugin UObjectPlugin
LogPluginManager: Mounting plugin VisualStudioSourceCodeAccess
LogPluginManager: Mounting plugin XCodeSourceCodeAccess
LogPluginManager: Mounting plugin AssetManagerEditor
LogPluginManager: Mounting plugin AudioCapture
LogPluginManager: Mounting plugin FacialAnimation
LogPluginManager: Mounting plugin GameplayTagsEditor
LogPluginManager: Mounting plugin MobileLauncherProfileWizard
LogPluginManager: Mounting plugin PluginBrowser
LogPluginManager: Mounting plugin SpeedTreeImporter
LogPluginManager: Mounting plugin AlembicImporter
LogPluginManager: Mounting plugin CharacterAI
LogPluginManager: Mounting plugin HTML5Networking
LogPluginManager: Mounting plugin AndroidMedia
LogPluginManager: Mounting plugin AvfMedia
LogPluginManager: Mounting plugin MediaPlayerEditor
LogPluginManager: Mounting plugin WmfMedia
LogPluginManager: Mounting plugin TcpMessaging
LogPluginManager: Mounting plugin UdpMessaging
LogPluginManager: Mounting plugin LevelSequenceEditor
LogPluginManager: Mounting plugin MatineeToLevelSequence
LogPluginManager: Mounting plugin OnlineSubsystemGooglePlay
LogPluginManager: Mounting plugin OnlineSubsystemIOS
LogPluginManager: Mounting plugin OnlineSubsystem
LogPluginManager: Mounting plugin OnlineSubsystemNull
LogPluginManager: Mounting plugin OnlineSubsystemUtils
LogPluginManager: Mounting plugin AndroidDeviceProfileSelector
LogPluginManager: Mounting plugin AndroidMoviePlayer
LogPluginManager: Mounting plugin AndroidPermission
LogPluginManager: Mounting plugin AppleMoviePlayer
LogPluginManager: Mounting plugin ArchVisCharacter
LogPluginManager: Mounting plugin CableComponent
LogPluginManager: Mounting plugin CustomMeshComponent
LogPluginManager: Mounting plugin ExampleDeviceProfileSelector
LogPluginManager: Mounting plugin GoogleCloudMessaging
LogPluginManager: Mounting plugin ImmediatePhysics
LogPluginManager: Mounting plugin IOSDeviceProfileSelector
LogPluginManager: Mounting plugin LinuxDeviceProfileSelector
LogPluginManager: Mounting plugin LocationServicesBPLibrary
LogPluginManager: Mounting plugin MobilePatchingUtils
LogPluginManager: Mounting plugin OculusVR
LogPluginManager: Mounting plugin PhysXVehicles
LogPluginManager: Mounting plugin ProceduralMeshComponent
LogPluginManager: Mounting plugin RuntimePhysXCooking
LogPluginManager: Mounting plugin SteamVR
LogPluginManager: Mounting plugin WindowsMoviePlayer
LogInit: Using libcurl 7.47.1
LogInit:  - built for x86_64-pc-win32
LogInit:  - supports SSL with OpenSSL/1.0.2g
LogInit:  - supports HTTP deflate (compression) using libz 1.2.8
LogInit:  - other features:
LogInit:      CURL_VERSION_SSL
LogInit:      CURL_VERSION_LIBZ
LogInit:      CURL_VERSION_IPV6
LogInit:      CURL_VERSION_ASYNCHDNS
LogInit:      CURL_VERSION_LARGEFILE
LogInit:      CURL_VERSION_IDN
LogInit:  CurlRequestOptions (configurable via config and command line):
LogInit:  - bVerifyPeer = false  - Libcurl will NOT verify peer certificate
LogInit:  - bUseHttpProxy = false  - Libcurl will NOT use HTTP proxy
LogInit:  - bDontReuseConnections = false  - Libcurl will reuse connections
LogInit:  - CertBundlePath = nullptr  - Libcurl will use whatever was configured at build time.
LogInit: Build: ++UE4+Release-4.17-CL-3658906
LogInit: Engine Version: 4.17.2-3658906+++UE4+Release-4.17
LogInit: Compatible Engine Version: 4.17.0-3573198+++UE4+Release-4.17
LogInit: Net CL: 3573198
LogDevObjectVersion: Number of dev versions registered: 16
LogDevObjectVersion:   Dev-Blueprints (B0D832E4-1F89-4F0D-ACCF-7EB736FD4AA2): 10
LogDevObjectVersion:   Dev-Build (E1C64328-A22C-4D53-A36C-8E866417BD8C): 0
LogDevObjectVersion:   Dev-Core (375EC13C-06E4-48FB-B500-84F0262A717E): 2
LogDevObjectVersion:   Dev-Editor (E4B068ED-F494-42E9-A231-DA0B2E46BB41): 20
LogDevObjectVersion:   Dev-Framework (CFFC743F-43B0-4480-9391-14DF171D2073): 28
LogDevObjectVersion:   Dev-Mobile (B02B49B5-BB20-44E9-A304-32B752E40360): 0
LogDevObjectVersion:   Dev-Networking (A4E4105C-59A1-49B5-A7C5-40C4547EDFEE): 0
LogDevObjectVersion:   Dev-Online (39C831C9-5AE6-47DC-9A44-9C173E1C8E7C): 0
LogDevObjectVersion:   Dev-Physics (78F01B33-EBEA-4F98-B9B4-84EACCB95AA2): 0
LogDevObjectVersion:   Dev-Platform (6631380F-2D4D-43E0-8009-CF276956A95A): 0
LogDevObjectVersion:   Dev-Rendering (12F88B9F-8875-4AFC-A67C-D90C383ABD29): 19
LogDevObjectVersion:   Dev-Sequencer (7B5AE74C-D270-4C10-A958-57980B212A5A): 4
LogDevObjectVersion:   Dev-VR (D7296918-1DD6-4BDD-9DE2-64A83CC13884): 0
LogDevObjectVersion:   Dev-LoadTimes (C2A15278-BFE7-4AFE-6C17-90FF531DF755): 1
LogDevObjectVersion:   Private-Geometry (6EACA3D4-40EC-4CC1-B786-8BED09428FC5): 1
LogDevObjectVersion:   Dev-AnimPhys (29E575DD-E0A3-4627-9D10-D276232CDCEA): 7
LogInit: Compiled (64-bit): Sep 22 2017 13:47:16
LogInit: Compiled with Visual C++: 19.00.24215.01
LogInit: Build Configuration: Development
LogInit: Branch Name: ++UE4+Release-4.17
LogInit: Command line:  
LogInit: Base directory: C:/Users/ANNA/Desktop/ThEman/UE_4.17/Engine/Binaries/Win64/
LogInit: Installed Engine Build: 1
LogInit: Presizing for max 8388607 objects, including 0 objects not considered by GC, pre-allocating 0 bytes for permanent pool.
LogInit: Object subsystem initialized
[2017.09.29-16.56.20:883][  0]LogInit: Selected Device Profile: [Windows]
[2017.09.29-16.56.20:883][  0]LogInit: Applying CVar settings loaded from the selected device profile: [Windows]
[2017.09.29-16.56.22:015][  0]LogInit: Computer: DANIEL-PC
[2017.09.29-16.56.22:015][  0]LogInit: User: ANNA
[2017.09.29-16.56.22:015][  0]LogInit: CPU Page size=4096, Cores=4
[2017.09.29-16.56.22:015][  0]LogInit: High frequency timer resolution =2.338398 MHz
[2017.09.29-16.56.22:015][  0]LogMemory: Memory total: Physical=15.8GB (16GB approx)
[2017.09.29-16.56.22:015][  0]LogMemory: Platform Memory Stats for Windows
[2017.09.29-16.56.22:015][  0]LogMemory: Process Physical Memory: 279.50 MB used, 279.50 MB peak
[2017.09.29-16.56.22:015][  0]LogMemory: Process Virtual Memory: 277.47 MB used, 277.47 MB peak
[2017.09.29-16.56.22:015][  0]LogMemory: Physical Memory: 6295.38 MB used,  9883.68 MB free, 16179.06 MB total
[2017.09.29-16.56.22:015][  0]LogMemory: Virtual Memory: 655.55 MB used,  9883.68 MB free, 8388608.00 MB total
[2017.09.29-16.56.22:203][  0]LogInit: Using OS detected language (en-CA).
[2017.09.29-16.56.22:203][  0]LogInit: Using OS detected locale (en-CA).
[2017.09.29-16.56.22:207][  0]LogTextLocalizationManager: No specific localization for 'en-CA' exists, so the 'en' localization will be used.
[2017.09.29-16.56.23:319][  0]LogD3D11RHI: D3D11 adapters:
[2017.09.29-16.56.24:252][  0]LogD3D11RHI:    0. 'NVIDIA GeForce GTX 770M ' (Feature Level 11_0)
[2017.09.29-16.56.24:252][  0]LogD3D11RHI:       3008/0/7833 MB DedicatedVideo/DedicatedSystem/SharedSystem, Outputs:1, VendorId:0x10de
[2017.09.29-16.56.24:272][  0]LogD3D11RHI:    1. 'NVIDIA GeForce GTX 770M ' (Feature Level 11_0)
[2017.09.29-16.56.24:272][  0]LogD3D11RHI:       3008/0/7833 MB DedicatedVideo/DedicatedSystem/SharedSystem, Outputs:0, VendorId:0x10de
[2017.09.29-16.56.24:272][  0]LogD3D11RHI: Chosen D3D11 Adapter: 0
[2017.09.29-16.56.24:279][  0]LogD3D11RHI: Creating new Direct3DDevice
[2017.09.29-16.56.24:279][  0]LogD3D11RHI:     GPU DeviceId: 0x11e0 (for the marketing name, search the web for "GPU Device Id")
[2017.09.29-16.56.24:279][  0]LogWindows: EnumDisplayDevices:
[2017.09.29-16.56.24:279][  0]LogWindows:    0. 'NVIDIA GeForce GTX 770M ' (P:1 D:1)
[2017.09.29-16.56.24:279][  0]LogWindows:    1. 'NVIDIA GeForce GTX 770M ' (P:0 D:0)
[2017.09.29-16.56.24:280][  0]LogWindows:    2. 'NVIDIA GeForce GTX 770M ' (P:0 D:0)
[2017.09.29-16.56.24:280][  0]LogWindows:    3. 'NVIDIA GeForce GTX 770M ' (P:0 D:0)
[2017.09.29-16.56.24:280][  0]LogWindows:    4. 'NVIDIA GeForce GTX 770M ' (P:0 D:0)
[2017.09.29-16.56.24:280][  0]LogWindows:    5. 'RDPDD Chained DD' (P:0 D:0)
[2017.09.29-16.56.24:280][  0]LogWindows:    6. 'RDP Encoder Mirror Driver' (P:0 D:0)
[2017.09.29-16.56.24:280][  0]LogWindows:    7. 'RDP Reflector Display Driver' (P:0 D:0)
[2017.09.29-16.56.24:280][  0]LogWindows: DebugString: GetVideoDriverDetailsInvalid PrimaryIsNotTheChoosenAdapter GetVideoDriverDetailsInvalid PrimaryIsNotTheChoosenAdapter GetVideoDriverDetailsInvalid PrimaryIsNotTheChoosenAdapter FoundDriverCount:5 
[2017.09.29-16.56.24:280][  0]LogD3D11RHI:     Adapter Name: NVIDIA GeForce GTX 770M 
[2017.09.29-16.56.24:280][  0]LogD3D11RHI:   Driver Version: 335.23 (internal:9.18.13.3523, unified:335.23)
[2017.09.29-16.56.24:280][  0]LogD3D11RHI:      Driver Date: 3-4-2014
[2017.09.29-16.56.24:281][  0]LogRHI: Texture pool is 1361 MB (70% of 1945 MB)
[2017.09.29-16.56.24:290][  0]LogD3D11RHI: NvAPI_D3D_GetCurrentSLIState failed: 0xfffffff7
[2017.09.29-16.56.24:290][  0]LogD3D11RHI: Async texture creation enabled
[2017.09.29-16.56.24:305][  0]LogD3D11RHI: GPU Timing Frequency: 1000.000000 (Debug: 2 2)
[2017.09.29-16.56.25:903][  0]LogShaderCompilers: Guid format shader working directory is -13 characters bigger than the processId version (F:/New folder/GAME2020_M1_Sklarzyk_Emanuela_CarCombatGame/Intermediate/Shaders/WorkingDirectory/10196/).
[2017.09.29-16.56.25:903][  0]LogShaderCompilers: Cleaned the shader compiler working directory 'C:/Users/ANNA/AppData/Local/Temp/UnrealShaderWorkingDir/529D6EB64C9A1B23F2A3239C9C72EF85/'.
[2017.09.29-16.56.25:903][  0]LogShaderCompilers: Display: Using Local Shader Compiler.
[2017.09.29-16.56.27:565][  0]LogTemp: Display: Loaded TP AllDesktopTargetPlatform
[2017.09.29-16.56.27:636][  0]LogTemp: Display: Loaded TP MacClientTargetPlatform
[2017.09.29-16.56.27:703][  0]LogTemp: Display: Loaded TP MacNoEditorTargetPlatform
[2017.09.29-16.56.27:772][  0]LogTemp: Display: Loaded TP MacServerTargetPlatform
[2017.09.29-16.56.28:868][  0]LogTemp: Display: Loaded TP MacTargetPlatform
[2017.09.29-16.56.28:936][  0]LogTemp: Display: Loaded TP WindowsClientTargetPlatform
[2017.09.29-16.56.29:009][  0]LogTemp: Display: Loaded TP WindowsNoEditorTargetPlatform
[2017.09.29-16.56.29:078][  0]LogTemp: Display: Loaded TP WindowsServerTargetPlatform
[2017.09.29-16.56.29:141][  0]LogTemp: Display: Loaded TP WindowsTargetPlatform
[2017.09.29-16.56.29:905][  0]LogTemp: Display: Loaded TP AndroidTargetPlatform
[2017.09.29-16.56.29:976][  0]LogTemp: Display: Loaded TP Android_ASTCTargetPlatform
[2017.09.29-16.56.30:043][  0]LogTemp: Display: Loaded TP Android_ATCTargetPlatform
[2017.09.29-16.56.31:287][  0]LogTemp: Display: Loaded TP Android_DXTTargetPlatform
[2017.09.29-16.56.31:358][  0]LogTemp: Display: Loaded TP Android_ETC1TargetPlatform
[2017.09.29-16.56.31:426][  0]LogTemp: Display: Loaded TP Android_ETC2TargetPlatform
[2017.09.29-16.56.32:258][  0]LogTemp: Display: Loaded TP Android_MultiTargetPlatform
[2017.09.29-16.56.32:258][  0]LogTemp: Display: Loaded TP Android_PVRTCTargetPlatform
[2017.09.29-16.56.32:313][  0]LogTemp: Display: Loaded TP HTML5TargetPlatform
[2017.09.29-16.56.33:597][  0]LogTemp: Display: Loaded TP IOSTargetPlatform
[2017.09.29-16.56.33:630][  0]LogTemp: Display: Loaded TP TVOSTargetPlatform
[2017.09.29-16.56.33:698][  0]LogTemp: Display: Loaded TP LinuxClientTargetPlatform
[2017.09.29-16.56.34:458][  0]LogTemp: Display: Loaded TP LinuxNoEditorTargetPlatform
[2017.09.29-16.56.34:528][  0]LogTemp: Display: Loaded TP LinuxServerTargetPlatform
[2017.09.29-16.56.34:596][  0]LogTemp: Display: Loaded TP LinuxTargetPlatform
[2017.09.29-16.56.34:596][  0]LogTargetPlatformManager: Display: Building Assets For Windows
[2017.09.29-16.56.38:059][  0]LogDerivedDataCache: Display: Max Cache Size: 512 MB
[2017.09.29-16.56.38:157][  0]LogDerivedDataCache: Loaded boot cache 0.10s 93MB C:/Users/ANNA/AppData/Local/UnrealEngine/4.17/DerivedDataCache/Boot.ddc.
[2017.09.29-16.56.38:157][  0]LogDerivedDataCache: Display: Loaded Boot cache: C:/Users/ANNA/AppData/Local/UnrealEngine/4.17/DerivedDataCache/Boot.ddc
[2017.09.29-16.56.38:870][  0]LogDerivedDataCache: FDerivedDataBackendGraph:  Pak pak cache file F:/New folder/GAME2020_M1_Sklarzyk_Emanuela_CarCombatGame/DerivedDataCache/DDC.ddp not found, will not use a pak cache.
[2017.09.29-16.56.38:870][  0]LogDerivedDataCache: Unable to find inner node Pak for hierarchical cache Hierarchy.
[2017.09.29-16.56.38:870][  0]LogDerivedDataCache: FDerivedDataBackendGraph:  CompressedPak pak cache file F:/New folder/GAME2020_M1_Sklarzyk_Emanuela_CarCombatGame/DerivedDataCache/Compressed.ddp not found, will not use a pak cache.
[2017.09.29-16.56.38:870][  0]LogDerivedDataCache: Unable to find inner node CompressedPak for hierarchical cache Hierarchy.
[2017.09.29-16.56.38:888][  0]LogDerivedDataCache: Display: Pak cache opened for reading ../../../Engine/DerivedDataCache/Compressed.ddp.
[2017.09.29-16.56.38:902][  0]LogDerivedDataCache: Using Local data cache path C:/Users/ANNA/AppData/Local/UnrealEngine/Common/DerivedDataCache: Writable
[2017.09.29-16.56.38:912][  0]LogMaterial: Verifying Global Shaders for PCD3D_SM5
[2017.09.29-16.56.38:913][  0]LogSlate: Using Freetype 2.6.0
[2017.09.29-16.56.38:913][  0]LogSlate: SlateFontCache - WITH_FREETYPE: 1, WITH_HARFBUZZ: 1
[2017.09.29-16.56.38:914][  0]LogSlate: SlateFontCache - WITH_FREETYPE: 1, WITH_HARFBUZZ: 1
[2017.09.29-16.56.40:358][  0]LogAssetRegistry: FAssetRegistry took 1.0460 seconds to start up
[2017.09.29-16.56.40:961][  0]LogInit: Selected Device Profile: [Windows]
[2017.09.29-16.56.40:965][  0]LogContentStreaming: Texture pool size is 0.00 MB
[2017.09.29-16.56.42:137][  0]LogSimplygon: Simplygon DLL not present - disabling.
[2017.09.29-16.56.42:192][  0]LogMeshReduction: Using SimplygonSwarm for distributed automatic mesh merging
[2017.09.29-16.56.42:192][  0]LogMeshReduction: Using QuadricMeshReduction for automatic static mesh reduction
[2017.09.29-16.56.42:192][  0]LogMeshReduction: No automatic skeletal mesh reduction module available
[2017.09.29-16.56.42:193][  0]LogMeshReduction: No automatic mesh merging module available
[2017.09.29-16.56.42:193][  0]LogMeshMerging: No automatic mesh merging module available
[2017.09.29-16.56.43:700][  0]LogNetVersion: MyProject , NetCL: 3573198, EngineNetVer: 2, GameNetVer: 0 (Checksum: 3113362612)
[2017.09.29-16.56.45:198][  0]LogPackageLocalizationCache: Processed 5 localized package path(s) for 2 prioritized culture(s) in 0.736255 seconds
[2017.09.29-16.56.45:203][  0]LogUObjectArray: 35825 objects as part of root set at end of initial load.
[2017.09.29-16.56.45:203][  0]LogUObjectAllocator: 7529104 out of 0 bytes used by permanent object pool.
[2017.09.29-16.56.45:203][  0]LogUObjectArray: CloseDisregardForGC: 0/0 objects in disregard for GC pool
[2017.09.29-16.56.45:267][  0]LogInit: WinSock: version 1.1 (2.2), MaxSocks=32767, MaxUdp=65467
[2017.09.29-16.56.56:073][  0]LogTcpMessaging: Initializing TcpMessaging bridge
[2017.09.29-16.56.56:114][  0]LogUdpMessaging: Initializing bridge on interface 0.0.0.0:0 to multicast group 230.0.0.1:6666.
[2017.09.29-16.57.00:598][  0]LogMaterial: Uniform references updated for custom material expression Custom.
[2017.09.29-16.57.03:970][  0]SourceControl: Source control is disabled
[2017.09.29-16.57.03:970][  0]SourceControl: Source control is disabled
[2017.09.29-16.57.04:034][  0]SourceControl: Source control is disabled
[2017.09.29-16.57.04:095][  0]SourceControl: Source control is disabled
[2017.09.29-16.57.07:300][  0]LogAndroidPermission: UAndroidPermissionCallbackProxy::GetInstance
[2017.09.29-16.57.09:491][  0]LogOcInput: OculusInput pre-init called
[2017.09.29-16.57.10:838][  0]LogEngine: Initializing Engine...
[2017.09.29-16.57.10:840][  0]LogHMD: Failed to initialize OpenVR with code 110
[2017.09.29-16.57.11:657][  0]LogStats: UGameplayTagsManager::ConstructGameplayTagTree: Construct from data asset -  0.000 s
[2017.09.29-16.57.11:657][  0]LogStats: UGameplayTagsManager::ConstructGameplayTagTree: GameplayTagTreeChangedEvent.Broadcast -  0.000 s
[2017.09.29-16.57.11:831][  0]LogAIModule: Creating AISystem for world Untitled
[2017.09.29-16.57.11:842][  0]LogInit: XAudio2 using 'Speakers (Realtek High Definition Audio)' : 2 channels at 48 kHz using 32 bits per sample (channel mask 0x3)
[2017.09.29-16.57.11:878][  0]LogInit: FAudioDevice initialized.
[2017.09.29-16.57.12:126][  0]LogDerivedDataCache: Saved boot cache 0.25s 93MB C:/Users/ANNA/AppData/Local/UnrealEngine/4.17/DerivedDataCache/Boot.ddc.
[2017.09.29-16.57.12:895][  0]LogInit: Texture streaming: Enabled
[2017.09.29-16.57.13:020][  0]LogEngineSessionManager: EngineSessionManager initialized
[2017.09.29-16.57.14:007][  0]LogInit: Transaction tracking system initialized
[2017.09.29-16.57.15:539][  0]BlueprintLog: New page: Editor Load
[2017.09.29-16.57.18:510][  0]LocalizationService: Localization service is disabled
[2017.09.29-16.57.19:521][  0]LogConsoleResponse: Display: 
[2017.09.29-16.57.19:719][  0]LogCook: Display: Max memory allowance for cook 16384mb min free memory 0mb
[2017.09.29-16.57.19:719][  0]LogCook: Display: Mobile HDR setting 1
[2017.09.29-16.57.19:719][  0]LogGameplayTags: Display: UGameplayTagsManager::DoneAddingNativeTags. DelegateIsBound: 0
[2017.09.29-16.57.21:722][  0]LogFileCache: Scanning file cache for directory 'F:/New folder/GAME2020_M1_Sklarzyk_Emanuela_CarCombatGame/Content/' took 0.02s
[2017.09.29-16.57.24:493][  0]SourceControl: Source control is disabled
[2017.09.29-16.57.24:493][  0]Cmd: MAP LOAD FILE="../../../Engine/Content/Maps/Templates/Template_Default.umap" TEMPLATE=1 SHOWPROGRESS=1 FEATURELEVEL=3
[2017.09.29-16.57.24:494][  0]LightingResults: New page: Lighting Build
[2017.09.29-16.57.24:549][  0]MapCheck: New page: Map Check
[2017.09.29-16.57.24:549][  0]LightingResults: New page: Lighting Build
[2017.09.29-16.57.24:725][  0]LogAIModule: Creating AISystem for world Untitled_1
[2017.09.29-16.57.24:735][  0]LogEditorServer: Finished looking for orphan Actors (0.000 secs)
[2017.09.29-16.57.24:749][  0]Cmd: MAP CHECKDEP NOCLEARLOG
[2017.09.29-16.57.24:826][  0]MapCheck: Map check complete: 0 Error(s), 0 Warning(s), took 76.908ms to complete.
[2017.09.29-16.57.24:826][  0]LogFileHelpers: Loading map 'Template_Default' took 0.333
[2017.09.29-16.57.24:883][  0]LogWindowsTextInputMethodSystem: Display: IME system now deactivated.
[2017.09.29-16.57.24:969][  0]LogCollectionManager: Loaded 0 collections in 0.001727 seconds
[2017.09.29-16.57.25:070][  0]LogFileCache: Scanning file cache for directory 'F:/New folder/GAME2020_M1_Sklarzyk_Emanuela_CarCombatGame/Saved/Collections/' took 0.01s
[2017.09.29-16.57.25:070][  0]LogFileCache: Scanning file cache for directory 'F:/New folder/GAME2020_M1_Sklarzyk_Emanuela_CarCombatGame/Content/Developers/ANNA/Collections/' took 0.01s
[2017.09.29-16.57.25:070][  0]LogFileCache: Scanning file cache for directory 'F:/New folder/GAME2020_M1_Sklarzyk_Emanuela_CarCombatGame/Content/Collections/' took 0.01s
[2017.09.29-16.57.25:070][  0]LogCollectionManager: Rebuilt the GUID cache for 0 collections in 0.000000 seconds
[2017.09.29-16.57.25:081][  0]LogContentBrowser: Native class hierarchy populated in 0.0110 seconds. Added 2386 classes and 500 folders.
[2017.09.29-16.57.25:165][  0]LogContentBrowser: Native class hierarchy updated for 'WidgetCarousel' in 0.0011 seconds. Added 0 classes and 0 folders.
[2017.09.29-16.57.25:238][  0]LogContentBrowser: Native class hierarchy updated for 'AddContentDialog' in 0.0011 seconds. Added 0 classes and 0 folders.
[2017.09.29-16.57.25:298][  0]LogContentBrowser: Native class hierarchy updated for 'SceneOutliner' in 0.0011 seconds. Added 1 classes and 2 folders.
[2017.09.29-16.57.25:334][  0]LogSlate: Took 0.000212 seconds to synchronously load lazily loaded font '../../../Engine/Content/Slate/Fonts/Roboto-Regular.ttf' (155K)
[2017.09.29-16.57.25:336][  0]LogSlate: Took 0.000221 seconds to synchronously load lazily loaded font '../../../Engine/Content/Slate/Fonts/Roboto-Bold.ttf' (160K)
[2017.09.29-16.57.25:340][  0]LogSlate: Took 0.000253 seconds to synchronously load lazily loaded font '../../../Engine/Content/Editor/Slate/Fonts/FontAwesome.ttf' (139K)
[2017.09.29-16.57.25:446][  0]LogRenderer: Reallocating scene render targets to support 1208x568 Format 10 NumSamples 1 (Frame:1).
[2017.09.29-16.57.25:806][  0]LogContentBrowser: Native class hierarchy updated for 'HierarchicalLODOutliner' in 0.0011 seconds. Added 1 classes and 2 folders.
[2017.09.29-16.57.25:806][  0]LogLoad: (Engine Initialization) Total time: 73.13 seconds
[2017.09.29-16.57.25:806][  0]LogLoad: (Engine Initialization) Total Blueprint compile time: 0.00 seconds
[2017.09.29-16.57.25:807][  0]LogExternalProfiler: No external profilers were discovered.  External profiling features will not be available.
[2017.09.29-16.57.25:844][  0]LogAssetRegistry: Asset discovery search completed in 45.5050 seconds
[2017.09.29-16.57.25:846][  0]LogCollectionManager: Rebuilt the object cache for 0 collections in 0.000001 seconds (found 0 objects)
[2017.09.29-16.57.25:846][  0]LogCollectionManager: Fixed up redirectors for 0 collections in 0.000040 seconds (updated 0 objects)
[2017.09.29-16.57.25:849][  0]LogContentStreaming: Texture pool size now 1000 MB
[2017.09.29-16.57.25:898][  0]LogSlate: Took 0.000186 seconds to synchronously load lazily loaded font '../../../Engine/Content/Slate/Fonts/Roboto-Light.ttf' (159K)
[2017.09.29-16.58.08:420][496]LogSlate: Took 0.000241 seconds to synchronously load lazily loaded font '../../../Engine/Content/Slate/Fonts/Roboto-Light.ttf' (159K)
[2017.09.29-16.58.10:048][579]LogSlate: Took 0.000241 seconds to synchronously load lazily loaded font '../../../Engine/Content/Slate/Fonts/Roboto-Light.ttf' (159K)
[2017.09.29-16.58.11:599][579]LogContentBrowser: Native class hierarchy updated for 'BlueprintGraph' in 0.0017 seconds. Added 113 classes and 0 folders.
[2017.09.29-16.58.12:329][579]LogSlate: Took 0.000264 seconds to synchronously load lazily loaded font '../../../Engine/Content/Editor/Slate/Fonts/Roboto-BoldCondensed.ttf' (158K)
[2017.09.29-16.58.25:842][335]LogHttp: Warning: 0000000049DB1900: request failed, libcurl error: 6 (Couldn't resolve host name)
[2017.09.29-16.58.25:842][335]LogHttp: Warning: 0000000049DB1900: libcurl info message cache 0 (Could not resolve host: datarouter.ol.epicgames.com)
[2017.09.29-16.58.25:842][335]LogHttp: Warning: 0000000049DB1900: libcurl info message cache 1 (Closing connection 0)
[2017.09.29-16.58.29:278][514]BlueprintLog: New page: Compile Untitled
[2017.09.29-16.58.33:057][670]LogTemp: Repeating last play command: Selected Viewport
[2017.09.29-16.58.34:832][670]LogBlueprintUserMessages: Early PlayInEditor Detection: Level '/Temp/Untitled_1.Untitled_1:PersistentLevel' has LevelScriptBlueprint '/Temp/Untitled_1.Untitled_1:PersistentLevel.Untitled' with GeneratedClass '/Temp/Untitled_1.Untitled_C' with ClassGeneratedBy '/Temp/Untitled_1.Untitled_1:PersistentLevel.Untitled'
[2017.09.29-16.58.34:832][670]LogPlayLevel: PlayLevel: No blueprints needed recompiling
[2017.09.29-16.58.34:832][670]PIE: New page: PIE session: Untitled_1 (Sep 29, 2017, 8:58:34 AM)
[2017.09.29-16.58.34:832][670]LogPlayLevel: Creating play world package: /Temp/UEDPIE_0_Untitled_1
[2017.09.29-16.58.34:835][670]LogPlayLevel: PIE: StaticDuplicateObject took: (0.003130s)
[2017.09.29-16.58.34:836][670]LogAIModule: Creating AISystem for world Untitled_1
[2017.09.29-16.58.34:836][670]LogPlayLevel: PIE: World Init took: (0.000753s)
[2017.09.29-16.58.34:836][670]LogPlayLevel: PIE: Created PIE world by copying editor world from /Temp/Untitled_1.Untitled_1 to /Temp/UEDPIE_0_Untitled_1.Untitled_1 (0.004116s)
[2017.09.29-16.58.34:857][670]LogInit: XAudio2 using 'Speakers (Realtek High Definition Audio)' : 2 channels at 48 kHz using 32 bits per sample (channel mask 0x3)
[2017.09.29-16.58.34:872][670]LogInit: FAudioDevice initialized.
[2017.09.29-16.58.34:917][670]LogLoad: Game class is 'gameMode_C'
[2017.09.29-16.58.34:919][670]LogWorld: Bringing World /Temp/UEDPIE_0_Untitled_1.Untitled_1 up for play (max tick rate 60) at 2017.09.29-12.58.34
[2017.09.29-16.58.34:919][670]LogWorld: Bringing up level for play took: 0.001044
[2017.09.29-16.58.34:982][670]LogContentBrowser: Native class hierarchy updated for 'MovieSceneCapture' in 0.0013 seconds. Added 11 classes and 0 folders.
[2017.09.29-16.58.34:982][670]LogGameMode: Display: Match State Changed from EnteringMap to WaitingToStart
[2017.09.29-16.58.34:982][670]LogGameState: Match State Changed from EnteringMap to WaitingToStart
[2017.09.29-16.58.34:982][670]LogGameMode: Display: Match State Changed from WaitingToStart to InProgress
[2017.09.29-16.58.34:985][670]LogGameState: Match State Changed from WaitingToStart to InProgress
[2017.09.29-16.58.34:985][670]PIE: Play in editor start time for /Temp/UEDPIE_0_Untitled_1 0.201
[2017.09.29-16.58.34:985][670]LogBlueprintUserMessages: Late PlayInEditor Detection: Level '/Temp/Untitled_1.Untitled_1:PersistentLevel' has LevelScriptBlueprint '/Temp/Untitled_1.Untitled_1:PersistentLevel.Untitled' with GeneratedClass '/Temp/Untitled_1.Untitled_C' with ClassGeneratedBy '/Temp/Untitled_1.Untitled_1:PersistentLevel.Untitled'
[2017.09.29-16.58.34:985][670]LogGameMode: Display: Match State Changed from InProgress to LeavingMap
[2017.09.29-16.58.34:985][670]LogGameState: Match State Changed from InProgress to LeavingMap
[2017.09.29-16.58.34:986][670]LogNet: Browse: /Game/levels/arena
[2017.09.29-16.58.34:986][670]LogLoad: LoadMap: /Game/levels/arena
[2017.09.29-16.58.35:004][670]Cmd: MEM
[2017.09.29-16.58.35:019][670]LogMemory: Platform Memory Stats for Windows
[2017.09.29-16.58.35:019][670]LogMemory: Process Physical Memory: 1115.96 MB used, 1115.96 MB peak
[2017.09.29-16.58.35:019][670]LogMemory: Process Virtual Memory: 1036.61 MB used, 1047.07 MB peak
[2017.09.29-16.58.35:019][670]LogMemory: Physical Memory: 7183.28 MB used,  8995.78 MB free, 16179.06 MB total
[2017.09.29-16.58.35:019][670]LogMemory: Virtual Memory: 1709.30 MB used,  8995.78 MB free, 8388608.00 MB total
[2017.09.29-16.58.35:019][670]LogMemory: 
[2017.09.29-16.58.35:019][670]Allocator Stats for TBB: (not implemented)
[2017.09.29-16.58.36:281][670]LogAIModule: Creating AISystem for world arena
[2017.09.29-16.58.36:281][670]LogLoad: Game class is 'gameMode_C'
[2017.09.29-16.58.36:284][670]PIE: Warning: AttachTo: '/Game/levels/UEDPIE_0_arena.arena:PersistentLevel.firePit_134.damageVol' is not static  (in blueprint "firePit"), cannot attach '/Game/levels/UEDPIE_0_arena.arena:PersistentLevel.PainCausingVolume_GEN_VARIABLE_PainCausingVolume_CAT_70.BrushComponent0' which is static to it. Aborting.
[2017.09.29-16.58.36:285][670]PIE: Warning: AttachTo: '/Game/levels/UEDPIE_0_arena.arena:PersistentLevel.firePit2.damageVol' is not static  (in blueprint "firePit"), cannot attach '/Game/levels/UEDPIE_0_arena.arena:PersistentLevel.PainCausingVolume_GEN_VARIABLE_PainCausingVolume_CAT_1327.BrushComponent0' which is static to it. Aborting.
[2017.09.29-16.58.36:298][670]PIE: Warning: AttachTo: '/Game/levels/UEDPIE_0_arena.arena:PersistentLevel.firePit_134.damageVol' is not static  (in blueprint "firePit"), cannot attach '/Game/levels/UEDPIE_0_arena.arena:PersistentLevel.PainCausingVolume_GEN_VARIABLE_PainCausingVolume_CAT_1329.BrushComponent0' which is static to it. Aborting.
[2017.09.29-16.58.36:299][670]PIE: Warning: AttachTo: '/Game/levels/UEDPIE_0_arena.arena:PersistentLevel.firePit2.damageVol' is not static  (in blueprint "firePit"), cannot attach '/Game/levels/UEDPIE_0_arena.arena:PersistentLevel.PainCausingVolume_GEN_VARIABLE_PainCausingVolume_CAT_1331.BrushComponent0' which is static to it. Aborting.
[2017.09.29-16.58.36:318][670]LogWorld: Bringing World /Game/levels/UEDPIE_0_arena.arena up for play (max tick rate 60) at 2017.09.29-12.58.36
[2017.09.29-16.58.36:319][670]LogWorld: Bringing up level for play took: 0.037489
[2017.09.29-16.58.36:320][670]LogGameMode: FindPlayerStart: PATHS NOT DEFINED or NO PLAYERSTART with positive rating
[2017.09.29-16.58.36:320][670]LogGameMode: Display: Match State Changed from EnteringMap to WaitingToStart
[2017.09.29-16.58.36:320][670]LogGameState: Match State Changed from EnteringMap to WaitingToStart
[2017.09.29-16.58.36:320][670]LogGameMode: Display: Match State Changed from WaitingToStart to InProgress
[2017.09.29-16.58.36:321][670]LogGameState: Match State Changed from WaitingToStart to InProgress
[2017.09.29-16.58.36:322][670]LogLoad: Took 1.334612 seconds to LoadMap(/Game/levels/arena)
[2017.09.29-16.59.02:162][122]LogBlueprintUserMessages: Early EndPlayMap Detection: Level '/Temp/Untitled_1.Untitled_1:PersistentLevel' has LevelScriptBlueprint '/Temp/Untitled_1.Untitled_1:PersistentLevel.Untitled' with GeneratedClass '/Temp/Untitled_1.Untitled_C' with ClassGeneratedBy '/Temp/Untitled_1.Untitled_1:PersistentLevel.Untitled'
[2017.09.29-16.59.02:195][122]LogBlueprintUserMessages: Late EndPlayMap Detection: Level '/Temp/Untitled_1.Untitled_1:PersistentLevel' has LevelScriptBlueprint '/Temp/Untitled_1.Untitled_1:PersistentLevel.Untitled' with GeneratedClass '/Temp/Untitled_1.Untitled_C' with ClassGeneratedBy '/Temp/Untitled_1.Untitled_1:PersistentLevel.Untitled'
[2017.09.29-16.59.12:162][479]LogAIModule: Creating AISystem for world arena
[2017.09.29-16.59.12:165][479]PIE: Warning: AttachTo: '/Game/levels/arena.arena:PersistentLevel.firePit_134.damageVol' is not static  (in blueprint "firePit"), cannot attach '/Game/levels/arena.arena:PersistentLevel.PainCausingVolume_GEN_VARIABLE_PainCausingVolume_CAT_70.BrushComponent0' which is static to it. Aborting.
[2017.09.29-16.59.12:165][479]PIE: Warning: AttachTo: '/Game/levels/arena.arena:PersistentLevel.firePit2.damageVol' is not static  (in blueprint "firePit"), cannot attach '/Game/levels/arena.arena:PersistentLevel.PainCausingVolume_GEN_VARIABLE_PainCausingVolume_CAT_1327.BrushComponent0' which is static to it. Aborting.
[2017.09.29-16.59.12:175][479]PIE: Warning: AttachTo: '/Game/levels/arena.arena:PersistentLevel.firePit_134.damageVol' is not static  (in blueprint "firePit"), cannot attach '/Game/levels/arena.arena:PersistentLevel.PainCausingVolume_GEN_VARIABLE_PainCausingVolume_CAT_1329.BrushComponent0' which is static to it. Aborting.
[2017.09.29-16.59.12:175][479]PIE: Warning: AttachTo: '/Game/levels/arena.arena:PersistentLevel.firePit2.damageVol' is not static  (in blueprint "firePit"), cannot attach '/Game/levels/arena.arena:PersistentLevel.PainCausingVolume_GEN_VARIABLE_PainCausingVolume_CAT_1331.BrushComponent0' which is static to it. Aborting.
[2017.09.29-17.00.06:045][483]LogTemp: Executing iPhonePackager certificates Engine -bundlename com.YourCompany.MyProject
[2017.09.29-17.00.06:045][483]LogTemp: CWD: C:\Users\ANNA\Desktop\ThEman\UE_4.17\Engine\Binaries\DotNET\IOS
[2017.09.29-17.00.06:045][483]LogTemp: Initial Dir: C:\Users\ANNA\Desktop\ThEman\UE_4.17
[2017.09.29-17.00.06:045][483]LogTemp: Env CWD: C:\Users\ANNA\Desktop\ThEman\UE_4.17\Engine\Binaries\DotNET\IOS
[2017.09.29-17.00.06:058][484]LogTemp: BranchPath = DANIEL-PC/C/Users/ANNA/Desktop/ThEman/UE_4.17/Engine/Binaries --- GameBranchPath = DANIEL-PC/C/Users/ANNA/Desktop/ThEman/UE_4.17/Engine/Binaries
[2017.09.29-17.00.06:073][485]LogTemp: IPP ERROR: Could not find provision directory 'C:\Users\ANNA\AppData\Local/Apple Computer/MobileDevice/Provisioning Profiles/'.
[2017.09.29-17.00.25:887][316]LogHttp: Warning: 0000000044561780: request failed, libcurl error: 6 (Couldn't resolve host name)
[2017.09.29-17.00.25:887][316]LogHttp: Warning: 0000000044561780: libcurl info message cache 0 (Could not resolve host: datarouter.ol.epicgames.com)
[2017.09.29-17.00.25:887][316]LogHttp: Warning: 0000000044561780: libcurl info message cache 1 (Closing connection 1)
[2017.09.29-17.00.43:468][961]Cmd: OBJ SAVEPACKAGE PACKAGE="/Game/Maps/NewMap" FILE="F:/New folder/GAME2020_M1_Sklarzyk_Emanuela_CarCombatGame/Content/Maps/NewMap.umap" SILENT=true AUTOSAVING=false KEEPDIRTY=false
[2017.09.29-17.00.44:554][961]LogSlate: Took 0.000229 seconds to synchronously load lazily loaded font '../../../Engine/Content/Slate/Fonts/Roboto-Regular.ttf' (155K)
[2017.09.29-17.00.46:095][961]LogSavePackage: Save=2571.37ms
[2017.09.29-17.00.46:096][961]LogSavePackage: Moving 'F:/New folder/GAME2020_M1_Sklarzyk_Emanuela_CarCombatGame/Saved/NewMap98E2BAA24CAF6B1640B70EA6C1B53DE9.tmp' to 'F:/New folder/GAME2020_M1_Sklarzyk_Emanuela_CarCombatGame/Content/Maps/NewMap.umap'
[2017.09.29-17.00.46:150][961]LogSavePackage: Display: Finished SavePackage F:/New folder/GAME2020_M1_Sklarzyk_Emanuela_CarCombatGame/Content/Maps/NewMap.umap
[2017.09.29-17.00.46:262][961]Cmd: OBJ SAVEPACKAGE PACKAGE="/Game/Maps/NewMap_BuiltData" FILE="F:/New folder/GAME2020_M1_Sklarzyk_Emanuela_CarCombatGame/Content/Maps/NewMap_BuiltData.uasset" SILENT=true
[2017.09.29-17.00.46:347][961]LogSavePackage: Save=42.99ms
[2017.09.29-17.00.46:347][961]LogSavePackage: Moving 'F:/New folder/GAME2020_M1_Sklarzyk_Emanuela_CarCombatGame/Saved/NewMap_BuiltData483EDAFB4B39BA4C74940683409CD8D4.tmp' to 'F:/New folder/GAME2020_M1_Sklarzyk_Emanuela_CarCombatGame/Content/Maps/NewMap_BuiltData.uasset'
[2017.09.29-17.00.46:369][961]LogSavePackage: Display: Finished SavePackage F:/New folder/GAME2020_M1_Sklarzyk_Emanuela_CarCombatGame/Content/Maps/NewMap_BuiltData.uasset
[2017.09.29-17.00.46:380][961]LogFileHelpers: Saving map 'NewMap' took 3.343
[2017.09.29-17.01.03:598][913]Cmd: OBJ SAVEPACKAGE PACKAGE="/Game/Maps/NewMap_BuiltData" FILE="F:/New folder/GAME2020_M1_Sklarzyk_Emanuela_CarCombatGame/Content/Maps/NewMap_BuiltData.uasset" SILENT=true
[2017.09.29-17.01.04:011][913]LogSavePackage: Save=31.80ms
[2017.09.29-17.01.04:011][913]LogSavePackage: Moving 'F:/New folder/GAME2020_M1_Sklarzyk_Emanuela_CarCombatGame/Saved/NewMap_BuiltDataCF40ED604FEB1109A1C03AA72F6120A2.tmp' to 'F:/New folder/GAME2020_M1_Sklarzyk_Emanuela_CarCombatGame/Content/Maps/NewMap_BuiltData.uasset'
[2017.09.29-17.01.04:047][913]LogSavePackage: Display: Finished SavePackage F:/New folder/GAME2020_M1_Sklarzyk_Emanuela_CarCombatGame/Content/Maps/NewMap_BuiltData.uasset
[2017.09.29-17.01.04:241][913]Cmd: OBJ SAVEPACKAGE PACKAGE="/Game/Maps/NewMap" FILE="F:/New folder/GAME2020_M1_Sklarzyk_Emanuela_CarCombatGame/Content/Maps/NewMap.umap" SILENT=true AUTOSAVING=false KEEPDIRTY=false
[2017.09.29-17.01.07:679][913]LogSavePackage: Save=2621.08ms
[2017.09.29-17.01.07:679][913]LogSavePackage: Moving 'F:/New folder/GAME2020_M1_Sklarzyk_Emanuela_CarCombatGame/Saved/NewMap584C9C264D33AA0F8B75F684FDD57FBE.tmp' to 'F:/New folder/GAME2020_M1_Sklarzyk_Emanuela_CarCombatGame/Content/Maps/NewMap.umap'
[2017.09.29-17.01.07:723][913]LogSavePackage: Display: Finished SavePackage F:/New folder/GAME2020_M1_Sklarzyk_Emanuela_CarCombatGame/Content/Maps/NewMap.umap
[2017.09.29-17.01.08:445][913]LogFileHelpers: Saving map 'NewMap' took 4.395
[2017.09.29-17.01.21:352][392]LightingResults: New page: Lighting Build
[2017.09.29-17.01.21:353][392]MapCheck: New page: Map Check
[2017.09.29-17.01.21:353][392]LightingResults: New page: Lighting Build
[2017.09.29-17.01.21:371][392]LogAIModule: Creating AISystem for world Untitled
[2017.09.29-17.01.21:436][392]LoadErrors: New page: New Map
[2017.09.29-17.01.21:490][392]LogAIModule: Creating AISystem for world NewMap
[2017.09.29-17.01.51:109][962]Cmd: MAP LOAD FILE="F:/New folder/GAME2020_M1_Sklarzyk_Emanuela_CarCombatGame/Content/levels/arena.umap" TEMPLATE=0 SHOWPROGRESS=1 FEATURELEVEL=3
[2017.09.29-17.01.51:109][962]LightingResults: New page: Lighting Build
[2017.09.29-17.01.51:110][962]LoadErrors: New page: Loading map: arena.umap
[2017.09.29-17.01.51:110][962]MapCheck: New page: Map Check
[2017.09.29-17.01.51:110][962]LightingResults: New page: Lighting Build
[2017.09.29-17.01.51:130][962]PIE: Warning: AttachTo: '/Game/levels/arena.arena:PersistentLevel.firePit_134.damageVol' is not static  (in blueprint "firePit"), cannot attach '/Game/levels/arena.arena:PersistentLevel.PainCausingVolume_GEN_VARIABLE_PainCausingVolume_CAT_70.BrushComponent0' which is static to it. Aborting.
[2017.09.29-17.01.51:130][962]PIE: Warning: AttachTo: '/Game/levels/arena.arena:PersistentLevel.firePit2.damageVol' is not static  (in blueprint "firePit"), cannot attach '/Game/levels/arena.arena:PersistentLevel.PainCausingVolume_GEN_VARIABLE_PainCausingVolume_CAT_1327.BrushComponent0' which is static to it. Aborting.
[2017.09.29-17.01.51:141][962]PIE: Warning: AttachTo: '/Game/levels/arena.arena:PersistentLevel.firePit_134.damageVol' is not static  (in blueprint "firePit"), cannot attach '/Game/levels/arena.arena:PersistentLevel.PainCausingVolume_GEN_VARIABLE_PainCausingVolume_CAT_1335.BrushComponent0' which is static to it. Aborting.
[2017.09.29-17.01.51:142][962]PIE: Warning: AttachTo: '/Game/levels/arena.arena:PersistentLevel.firePit2.damageVol' is not static  (in blueprint "firePit"), cannot attach '/Game/levels/arena.arena:PersistentLevel.PainCausingVolume_GEN_VARIABLE_PainCausingVolume_CAT_1337.BrushComponent0' which is static to it. Aborting.
[2017.09.29-17.01.51:227][962]LogEditorServer: Finished looking for orphan Actors (0.000 secs)
[2017.09.29-17.01.52:034][962]Cmd: MAP CHECKDEP NOCLEARLOG
[2017.09.29-17.01.52:219][962]MapCheck: Map check complete: 0 Error(s), 0 Warning(s), took 185.192ms to complete.
[2017.09.29-17.01.52:224][962]LogFileHelpers: Loading map 'arena' took 1.115
[2017.09.29-17.02.00:011][238]LogTemp: Executing iPhonePackager certificates Engine -bundlename com.YourCompany.MyProject
[2017.09.29-17.02.00:011][238]LogTemp: CWD: C:\Users\ANNA\Desktop\ThEman\UE_4.17\Engine\Binaries\DotNET\IOS
[2017.09.29-17.02.00:011][238]LogTemp: Initial Dir: C:\Users\ANNA\Desktop\ThEman\UE_4.17
[2017.09.29-17.02.00:011][238]LogTemp: Env CWD: C:\Users\ANNA\Desktop\ThEman\UE_4.17\Engine\Binaries\DotNET\IOS
[2017.09.29-17.02.00:023][239]LogTemp: BranchPath = DANIEL-PC/C/Users/ANNA/Desktop/ThEman/UE_4.17/Engine/Binaries --- GameBranchPath = DANIEL-PC/C/Users/ANNA/Desktop/ThEman/UE_4.17/Engine/Binaries
[2017.09.29-17.02.00:046][240]LogTemp: IPP ERROR: Could not find provision directory 'C:\Users\ANNA\AppData\Local/Apple Computer/MobileDevice/Provisioning Profiles/'.
[2017.09.29-17.02.25:908][625]LogHttp: Warning: 0000000049A2CE80: request failed, libcurl error: 6 (Couldn't resolve host name)
[2017.09.29-17.02.25:908][625]LogHttp: Warning: 0000000049A2CE80: libcurl info message cache 0 (Could not resolve host: datarouter.ol.epicgames.com)
[2017.09.29-17.02.25:908][625]LogHttp: Warning: 0000000049A2CE80: libcurl info message cache 1 (Closing connection 2)
[2017.09.29-17.02.46:499][757]Cmd: OBJ SAVEPACKAGE PACKAGE="/Game/levels/arena" FILE="F:/New folder/GAME2020_M1_Sklarzyk_Emanuela_CarCombatGame/Content/levels/arena.umap" SILENT=true AUTOSAVING=false KEEPDIRTY=false
[2017.09.29-17.03.03:445][757]LogSavePackage: Save=16679.99ms
[2017.09.29-17.03.03:445][757]LogSavePackage: Moving 'F:/New folder/GAME2020_M1_Sklarzyk_Emanuela_CarCombatGame/Saved/arenaAE9203EF401C19B8D8D8398270C5BC98.tmp' to 'F:/New folder/GAME2020_M1_Sklarzyk_Emanuela_CarCombatGame/Content/levels/arena.umap'
[2017.09.29-17.03.03:488][757]LogSavePackage: Display: Finished SavePackage F:/New folder/GAME2020_M1_Sklarzyk_Emanuela_CarCombatGame/Content/levels/arena.umap
[2017.09.29-17.03.03:628][757]Cmd: OBJ SAVEPACKAGE PACKAGE="/Game/levels/arena_BuiltData" FILE="F:/New folder/GAME2020_M1_Sklarzyk_Emanuela_CarCombatGame/Content/levels/arena_BuiltData.uasset" SILENT=true
[2017.09.29-17.03.03:777][757]LogSavePackage: Save=26.19ms
[2017.09.29-17.03.03:777][757]LogSavePackage: Moving 'F:/New folder/GAME2020_M1_Sklarzyk_Emanuela_CarCombatGame/Saved/arena_BuiltData5080968A4AB3D2FAC97467AE963FADE2.tmp' to 'F:/New folder/GAME2020_M1_Sklarzyk_Emanuela_CarCombatGame/Content/levels/arena_BuiltData.uasset'
[2017.09.29-17.03.03:817][757]LogSavePackage: Display: Finished SavePackage F:/New folder/GAME2020_M1_Sklarzyk_Emanuela_CarCombatGame/Content/levels/arena_BuiltData.uasset
[2017.09.29-17.03.22:663][772]Cmd: QUIT_EDITOR
[2017.09.29-17.03.22:743][772]LogExit: Preparing to exit.
[2017.09.29-17.03.23:619][772]LogExit: Editor shut down
[2017.09.29-17.03.23:623][772]LogExit: Transaction tracking system shut down
[2017.09.29-17.03.24:104][772]LogDirectoryWatcher: A directory notification for '../../../Engine/Content/' was aborted.
[2017.09.29-17.03.24:105][772]LogDirectoryWatcher: A directory notification for 'F:/New folder/GAME2020_M1_Sklarzyk_Emanuela_CarCombatGame/Content/' was aborted.
[2017.09.29-17.03.24:105][772]LogDirectoryWatcher: A directory notification for '../../../Engine/Plugins/2D/Paper2D/Content/' was aborted.
[2017.09.29-17.03.24:105][772]LogDirectoryWatcher: A directory notification for '../../../Engine/Plugins/Runtime/Oculus/OculusVR/Content/' was aborted.
[2017.09.29-17.03.24:105][772]LogDirectoryWatcher: A directory notification for '../../../Engine/Plugins/Runtime/Steam/SteamVR/Content/' was aborted.
[2017.09.29-17.03.24:200][772]LogExit: Object subsystem successfully closed.
[2017.09.29-17.03.24:218][772]LogD3D11RHI: Shutdown
[2017.09.29-17.03.24:218][772]LogD3D11RHI: CleanupD3DDevice
[2017.09.29-17.03.24:279][772]LogD3D11RHI: ~FD3D11DynamicRHI
[2017.09.29-17.03.24:297][772]LogModuleManager: Shutting down and abandoning module ExternalImagePicker (538)
[2017.09.29-17.03.24:297][772]LogModuleManager: Shutting down and abandoning module MovieSceneCapture (536)
[2017.09.29-17.03.24:297][772]LogModuleManager: Shutting down and abandoning module BlueprintGraph (534)
[2017.09.29-17.03.24:297][772]LogModuleManager: Shutting down and abandoning module BlueprintProfiler (532)
[2017.09.29-17.03.24:297][772]LogModuleManager: Shutting down and abandoning module HierarchicalLODOutliner (530)
[2017.09.29-17.03.24:297][772]LogModuleManager: Shutting down and abandoning module SceneOutliner (528)
[2017.09.29-17.03.24:297][772]LogModuleManager: Shutting down and abandoning module AddContentDialog (526)
[2017.09.29-17.03.24:297][772]LogDirectoryWatcher: A directory notification for 'C:/Users/ANNA/Desktop/ThEman/UE_4.17/FeaturePacks/' was aborted.
[2017.09.29-17.03.24:298][772]LogModuleManager: Shutting down and abandoning module WidgetCarousel (525)
[2017.09.29-17.03.24:298][772]LogModuleManager: Shutting down and abandoning module EditorWidgets (522)
[2017.09.29-17.03.24:298][772]LogModuleManager: Shutting down and abandoning module CollectionManager (520)
[2017.09.29-17.03.24:298][772]LogDirectoryWatcher: A directory notification for 'F:/New folder/GAME2020_M1_Sklarzyk_Emanuela_CarCombatGame/Content/Collections/' was aborted.
[2017.09.29-17.03.24:298][772]LogDirectoryWatcher: A directory notification for 'F:/New folder/GAME2020_M1_Sklarzyk_Emanuela_CarCombatGame/Content/Developers/ANNA/Collections/' was aborted.
[2017.09.29-17.03.24:298][772]LogDirectoryWatcher: A directory notification for 'F:/New folder/GAME2020_M1_Sklarzyk_Emanuela_CarCombatGame/Saved/Collections/' was aborted.
[2017.09.29-17.03.24:299][772]LogModuleManager: Shutting down and abandoning module StatsViewer (518)
[2017.09.29-17.03.24:299][772]LogModuleManager: Shutting down and abandoning module FoliageEdit (516)
[2017.09.29-17.03.24:299][772]LogModuleManager: Shutting down and abandoning module LandscapeEditor (514)
[2017.09.29-17.03.24:299][772]LogModuleManager: Shutting down and abandoning module MeshPaintMode (512)
[2017.09.29-17.03.24:299][772]LogModuleManager: Shutting down and abandoning module SceneDepthPickerMode (510)
[2017.09.29-17.03.24:299][772]LogModuleManager: Shutting down and abandoning module ActorPickerMode (508)
[2017.09.29-17.03.24:299][772]LogModuleManager: Shutting down and abandoning module GeometryMode (506)
[2017.09.29-17.03.24:299][772]LogModuleManager: Shutting down and abandoning module TextureAlignMode (504)
[2017.09.29-17.03.24:299][772]LogModuleManager: Shutting down and abandoning module BspMode (502)
[2017.09.29-17.03.24:299][772]LogModuleManager: Shutting down and abandoning module PIEPreviewDeviceProfileSelector (500)
[2017.09.29-17.03.24:299][772]LogModuleManager: Shutting down and abandoning module HardwareSurvey (498)
[2017.09.29-17.03.24:299][772]LogModuleManager: Shutting down and abandoning module SequenceRecorderSections (496)
[2017.09.29-17.03.24:299][772]LogModuleManager: Shutting down and abandoning module AutomationWorker (494)
[2017.09.29-17.03.24:299][772]LogModuleManager: Shutting down and abandoning module MatineeToLevelSequence (492)
[2017.09.29-17.03.24:299][772]LogModuleManager: Shutting down and abandoning module LevelSequenceEditor (490)
[2017.09.29-17.03.24:299][772]LogModuleManager: Shutting down and abandoning module PlacementMode (489)
[2017.09.29-17.03.24:299][772]LogModuleManager: Shutting down and abandoning module WmfMediaFactory (486)
[2017.09.29-17.03.24:299][772]LogModuleManager: Shutting down and abandoning module WmfMediaEditor (484)
[2017.09.29-17.03.24:299][772]LogModuleManager: Shutting down and abandoning module AvfMediaFactory (482)
[2017.09.29-17.03.24:299][772]LogModuleManager: Shutting down and abandoning module AvfMediaEditor (480)
[2017.09.29-17.03.24:299][772]LogModuleManager: Shutting down and abandoning module AndroidMediaFactory (478)
[2017.09.29-17.03.24:299][772]LogModuleManager: Shutting down and abandoning module Media (477)
[2017.09.29-17.03.24:299][772]LogModuleManager: Shutting down and abandoning module AndroidMediaEditor (474)
[2017.09.29-17.03.24:299][772]LogModuleManager: Shutting down and abandoning module CharacterAI (472)
[2017.09.29-17.03.24:299][772]LogModuleManager: Shutting down and abandoning module AudioCapture (470)
[2017.09.29-17.03.24:299][772]LogModuleManager: Shutting down and abandoning module SequenceRecorder (469)
[2017.09.29-17.03.24:299][772]LogModuleManager: Shutting down and abandoning module SmartSnapping (466)
[2017.09.29-17.03.24:299][772]LogModuleManager: Shutting down and abandoning module SessionServices (464)
[2017.09.29-17.03.24:299][772]LogModuleManager: Shutting down and abandoning module ViewportSnapping (462)
[2017.09.29-17.03.24:299][772]LogModuleManager: Shutting down and abandoning module ViewportInteraction (460)
[2017.09.29-17.03.24:299][772]LogModuleManager: Shutting down and abandoning module ClothPainter (458)
[2017.09.29-17.03.24:299][772]LogModuleManager: Shutting down and abandoning module LogVisualizer (456)
[2017.09.29-17.03.24:299][772]LogModuleManager: Shutting down and abandoning module IntroTutorials (454)
[2017.09.29-17.03.24:299][772]LogModuleManager: Shutting down and abandoning module GameProjectGeneration (453)
[2017.09.29-17.03.24:299][772]LogModuleManager: Shutting down and abandoning module IOSPlatformEditor (450)
[2017.09.29-17.03.24:299][772]LogModuleManager: Shutting down and abandoning module HTML5PlatformEditor (448)
[2017.09.29-17.03.24:299][772]LogModuleManager: Shutting down and abandoning module AndroidPlatformEditor (446)
[2017.09.29-17.03.24:299][772]LogModuleManager: Shutting down and abandoning module AndroidDeviceDetection (445)
[2017.09.29-17.03.25:009][772]LogModuleManager: Shutting down and abandoning module WindowsPlatformEditor (442)
[2017.09.29-17.03.25:009][772]LogModuleManager: Shutting down and abandoning module IOSRuntimeSettings (440)
[2017.09.29-17.03.25:009][772]LogModuleManager: Shutting down and abandoning module AndroidRuntimeSettings (438)
[2017.09.29-17.03.25:009][772]LogModuleManager: Shutting down and abandoning module InputBindingEditor (436)
[2017.09.29-17.03.25:009][772]LogModuleManager: Shutting down and abandoning module MergeActors (434)
[2017.09.29-17.03.25:009][772]LogModuleManager: Shutting down and abandoning module SizeMap (432)
[2017.09.29-17.03.25:009][772]LogModuleManager: Shutting down and abandoning module TreeMap (430)
[2017.09.29-17.03.25:009][772]LogModuleManager: Shutting down and abandoning module ReferenceViewer (428)
[2017.09.29-17.03.25:009][772]LogModuleManager: Shutting down and abandoning module LocalizationDashboard (426)
[2017.09.29-17.03.25:009][772]LogModuleManager: Shutting down and abandoning module LocalizationService (425)
[2017.09.29-17.03.25:009][772]LogModuleManager: Shutting down and abandoning module HardwareTargeting (422)
[2017.09.29-17.03.25:009][772]LogModuleManager: Shutting down and abandoning module DeviceProfileEditor (420)
[2017.09.29-17.03.25:009][772]LogModuleManager: Shutting down and abandoning module UndoHistory (418)
[2017.09.29-17.03.25:009][772]LogModuleManager: Shutting down and abandoning module XmlParser (416)
[2017.09.29-17.03.25:009][772]LogModuleManager: Shutting down and abandoning module Blutility (414)
[2017.09.29-17.03.25:009][772]LogModuleManager: Shutting down and abandoning module ProjectSettingsViewer (412)
[2017.09.29-17.03.25:009][772]LogModuleManager: Shutting down and abandoning module ProjectTargetPlatformEditor (411)
[2017.09.29-17.03.25:010][772]LogModuleManager: Shutting down and abandoning module EditorSettingsViewer (408)
[2017.09.29-17.03.25:010][772]LogModuleManager: Shutting down and abandoning module SettingsEditor (406)
[2017.09.29-17.03.25:010][772]LogModuleManager: Shutting down and abandoning module ProjectLauncher (404)
[2017.09.29-17.03.25:010][772]LogModuleManager: Shutting down and abandoning module SessionFrontend (402)
[2017.09.29-17.03.25:010][772]LogModuleManager: Shutting down and abandoning module ProfilerClient (400)
[2017.09.29-17.03.25:010][772]LogModuleManager: Shutting down and abandoning module DeviceManager (398)
[2017.09.29-17.03.25:010][772]LogModuleManager: Shutting down and abandoning module TargetDeviceServices (397)
[2017.09.29-17.03.25:050][772]LogModuleManager: Shutting down and abandoning module AutomationController (394)
[2017.09.29-17.03.25:050][772]LogModuleManager: Shutting down and abandoning module AutomationWindow (392)
[2017.09.29-17.03.25:050][772]LogModuleManager: Shutting down and abandoning module Layers (390)
[2017.09.29-17.03.25:050][772]LogModuleManager: Shutting down and abandoning module ComponentVisualizers (388)
[2017.09.29-17.03.25:050][772]LogModuleManager: Shutting down and abandoning module DetailCustomizations (386)
[2017.09.29-17.03.25:050][772]LogModuleManager: Shutting down and abandoning module PackagesDialog (384)
[2017.09.29-17.03.25:050][772]LogModuleManager: Shutting down and abandoning module Persona (382)
[2017.09.29-17.03.25:050][772]LogModuleManager: Shutting down and abandoning module AdvancedPreviewScene (381)
[2017.09.29-17.03.25:050][772]LogModuleManager: Shutting down and abandoning module AnimGraph (379)
[2017.09.29-17.03.25:050][772]LogModuleManager: Shutting down and abandoning module Kismet (376)
[2017.09.29-17.03.25:057][772]LogModuleManager: Shutting down and abandoning module ClassViewer (374)
[2017.09.29-17.03.25:057][772]LogModuleManager: Shutting down and abandoning module Toolbox (372)
[2017.09.29-17.03.25:057][772]LogModuleManager: Shutting down and abandoning module ModuleUI (370)
[2017.09.29-17.03.25:057][772]LogModuleManager: Shutting down and abandoning module MovieSceneTools (368)
[2017.09.29-17.03.25:057][772]LogModuleManager: Shutting down and abandoning module OutputLog (366)
[2017.09.29-17.03.25:057][772]LogModuleManager: Shutting down and abandoning module GammaUI (364)
[2017.09.29-17.03.25:057][772]LogModuleManager: Shutting down and abandoning module Documentation (362)
[2017.09.29-17.03.25:057][772]LogModuleManager: Shutting down and abandoning module MovieSceneTracks (360)
[2017.09.29-17.03.25:057][772]LogModuleManager: Shutting down and abandoning module MovieScene (358)
[2017.09.29-17.03.25:057][772]LogModuleManager: Shutting down and abandoning module Niagara (356)
[2017.09.29-17.03.25:057][772]LogModuleManager: Shutting down and abandoning module NiagaraEditor (355)
[2017.09.29-17.03.25:057][772]LogModuleManager: Shutting down and abandoning module StreamingPauseRendering (352)
[2017.09.29-17.03.25:057][772]LogModuleManager: Shutting down and abandoning module LauncherPlatform (350)
[2017.09.29-17.03.25:057][772]LogModuleManager: Shutting down and abandoning module AnalyticsET (348)
[2017.09.29-17.03.25:057][772]LogModuleManager: Shutting down and abandoning module PortalServices (346)
[2017.09.29-17.03.25:057][772]LogModuleManager: Shutting down and abandoning module PortalRpc (344)
[2017.09.29-17.03.25:057][772]LogModuleManager: Shutting down and abandoning module MessagingRpc (342)
[2017.09.29-17.03.25:057][772]LogModuleManager: Shutting down and abandoning module AIModule (340)
[2017.09.29-17.03.25:057][772]LogModuleManager: Shutting down and abandoning module GameplayDebugger (339)
[2017.09.29-17.03.25:057][772]LogModuleManager: Shutting down and abandoning module AITestSuite (337)
[2017.09.29-17.03.25:057][772]LogModuleManager: Shutting down and abandoning module ProfilerService (334)
[2017.09.29-17.03.25:066][772]LogModuleManager: Shutting down and abandoning module TaskGraph (332)
[2017.09.29-17.03.25:066][772]LogModuleManager: Shutting down and abandoning module SteamVRController (330)
[2017.09.29-17.03.25:066][772]LogModuleManager: Shutting down and abandoning module ProceduralMeshComponentEditor (328)
[2017.09.29-17.03.25:066][772]LogModuleManager: Shutting down and abandoning module ProceduralMeshComponent (326)
[2017.09.29-17.03.25:066][772]LogModuleManager: Shutting down and abandoning module OculusInput (324)
[2017.09.29-17.03.25:066][772]LogModuleManager: Shutting down and abandoning module MobilePatchingUtils (322)
[2017.09.29-17.03.25:066][772]LogModuleManager: Shutting down and abandoning module CustomMeshComponent (320)
[2017.09.29-17.03.25:066][772]LogModuleManager: Shutting down and abandoning module CableComponent (318)
[2017.09.29-17.03.25:066][772]LogModuleManager: Shutting down and abandoning module ArchVisCharacter (316)
[2017.09.29-17.03.25:066][772]LogModuleManager: Shutting down and abandoning module AndroidPermission (314)
[2017.09.29-17.03.25:066][772]LogModuleManager: Shutting down and abandoning module MediaPlayerEditor (310)
[2017.09.29-17.03.25:066][772]LogModuleManager: Shutting down and abandoning module HTML5Networking (308)
[2017.09.29-17.03.25:066][772]LogModuleManager: Shutting down and abandoning module AlembicImporter (306)
[2017.09.29-17.03.25:066][772]LogModuleManager: Shutting down and abandoning module AlembicLibrary (305)
[2017.09.29-17.03.25:066][772]LogModuleManager: Shutting down and abandoning module GeometryCache (304)
[2017.09.29-17.03.25:066][772]LogModuleManager: Shutting down and abandoning module GeometryCacheEd (303)
[2017.09.29-17.03.25:066][772]LogModuleManager: Shutting down and abandoning module SpeedTreeImporter (298)
[2017.09.29-17.03.25:066][772]LogModuleManager: Shutting down and abandoning module PluginBrowser (296)
[2017.09.29-17.03.25:067][772]LogModuleManager: Shutting down and abandoning module MobileLauncherProfileWizard (294)
[2017.09.29-17.03.25:067][772]LogModuleManager: Shutting down and abandoning module VisualStudioSourceCodeAccess (292)
[2017.09.29-17.03.25:067][772]LogModuleManager: Shutting down and abandoning module DesktopPlatform (291)
[2017.09.29-17.03.25:067][772]LogModuleManager: Shutting down and abandoning module UObjectPlugin (288)
[2017.09.29-17.03.25:067][772]LogModuleManager: Shutting down and abandoning module SubversionSourceControl (286)
[2017.09.29-17.03.25:067][772]LogModuleManager: Shutting down and abandoning module PerforceSourceControl (284)
[2017.09.29-17.03.25:067][772]LogModuleManager: Shutting down and abandoning module GitSourceControl (282)
[2017.09.29-17.03.25:067][772]LogModuleManager: Shutting down and abandoning module SourceControl (281)
[2017.09.29-17.03.25:067][772]LogModuleManager: Shutting down and abandoning module LightPropagationVolumeEditor (278)
[2017.09.29-17.03.25:067][772]LogModuleManager: Shutting down and abandoning module PaperTiledImporter (276)
[2017.09.29-17.03.25:067][772]LogModuleManager: Shutting down and abandoning module PaperSpriteSheetImporter (274)
[2017.09.29-17.03.25:067][772]LogModuleManager: Shutting down and abandoning module Paper2DEditor (272)
[2017.09.29-17.03.25:067][772]LogModuleManager: Shutting down and abandoning module MeshPaint (271)
[2017.09.29-17.03.25:067][772]LogModuleManager: Shutting down and abandoning module LevelEditor (269)
[2017.09.29-17.03.25:068][772]LogModuleManager: Shutting down and abandoning module PixelInspectorModule (268)
[2017.09.29-17.03.25:068][772]LogModuleManager: Shutting down and abandoning module MainFrame (266)
[2017.09.29-17.03.25:068][772]LogModuleManager: Shutting down and abandoning module HotReload (265)
[2017.09.29-17.03.25:069][772]LogModuleManager: Shutting down and abandoning module RuntimePhysXCooking (260)
[2017.09.29-17.03.25:069][772]LogModuleManager: Shutting down and abandoning module PhysXVehiclesEditor (258)
[2017.09.29-17.03.25:069][772]LogModuleManager: Shutting down and abandoning module PhysXVehicles (256)
[2017.09.29-17.03.25:069][772]LogModuleManager: Shutting down and abandoning module OculusEditor (254)
[2017.09.29-17.03.25:069][772]LogModuleManager: Shutting down and abandoning module LocationServicesBPLibrary (252)
[2017.09.29-17.03.25:069][772]LogModuleManager: Shutting down and abandoning module ImmediatePhysicsEditor (250)
[2017.09.29-17.03.25:069][772]LogModuleManager: Shutting down and abandoning module ImmediatePhysics (248)
[2017.09.29-17.03.25:069][772]LogModuleManager: Shutting down and abandoning module UdpMessaging (246)
[2017.09.29-17.03.25:169][772]LogModuleManager: Shutting down and abandoning module TcpMessaging (244)
[2017.09.29-17.03.25:269][772]LogModuleManager: Shutting down and abandoning module GameplayTagsEditor (242)
[2017.09.29-17.03.25:269][772]LogModuleManager: Shutting down and abandoning module FacialAnimationEditor (240)
[2017.09.29-17.03.25:269][772]LogModuleManager: Shutting down and abandoning module FacialAnimation (238)
[2017.09.29-17.03.25:269][772]LogModuleManager: Shutting down and abandoning module AssetManagerEditor (236)
[2017.09.29-17.03.25:269][772]LogModuleManager: Shutting down and abandoning module GraphEditor (235)
[2017.09.29-17.03.25:269][772]LogModuleManager: Shutting down and abandoning module ContentBrowser (233)
[2017.09.29-17.03.25:270][772]LogModuleManager: Shutting down and abandoning module LightPropagationVolumeRuntime (230)
[2017.09.29-17.03.25:270][772]LogModuleManager: Shutting down and abandoning module Paper2D (228)
[2017.09.29-17.03.25:270][772]LogModuleManager: Shutting down and abandoning module WindowsMoviePlayer (226)
[2017.09.29-17.03.25:270][772]LogModuleManager: Shutting down and abandoning module WmfMedia (224)
[2017.09.29-17.03.25:270][772]LogModuleManager: Shutting down and abandoning module PacketHandler (222)
[2017.09.29-17.03.25:270][772]LogModuleManager: Shutting down and abandoning module ClothingSystemEditor (220)
[2017.09.29-17.03.25:270][772]LogModuleManager: Shutting down and abandoning module ClothingSystemRuntime (218)
[2017.09.29-17.03.25:270][772]LogModuleManager: Shutting down and abandoning module Overlay (216)
[2017.09.29-17.03.25:270][772]LogModuleManager: Shutting down and abandoning module OverlayEditor (215)
[2017.09.29-17.03.25:271][772]LogModuleManager: Shutting down and abandoning module MediaAssets (212)
[2017.09.29-17.03.25:271][772]LogModuleManager: Shutting down and abandoning module VREditor (210)
[2017.09.29-17.03.25:271][772]LogModuleManager: Shutting down and abandoning module StringTableEditor (208)
[2017.09.29-17.03.25:271][772]LogModuleManager: Shutting down and abandoning module GameplayTasksEditor (206)
[2017.09.29-17.03.25:271][772]LogModuleManager: Shutting down and abandoning module BehaviorTreeEditor (204)
[2017.09.29-17.03.25:271][772]LogModuleManager: Shutting down and abandoning module FunctionalTesting (202)
[2017.09.29-17.03.25:271][772]LogModuleManager: Shutting down and abandoning module CollisionAnalyzer (200)
[2017.09.29-17.03.25:271][772]LogModuleManager: Shutting down and abandoning module WorkspaceMenuStructure (199)
[2017.09.29-17.03.25:271][772]LogModuleManager: Shutting down and abandoning module UMG (196)
[2017.09.29-17.03.25:271][772]LogModuleManager: Shutting down and abandoning module UMGEditor (195)
[2017.09.29-17.03.25:271][772]LogModuleManager: Shutting down and abandoning module Sequencer (194)
[2017.09.29-17.03.25:271][772]LogModuleManager: Shutting down and abandoning module MessageLog (191)
[2017.09.29-17.03.25:271][772]LogModuleManager: Shutting down and abandoning module SlateReflector (186)
[2017.09.29-17.03.25:271][772]LogModuleManager: Shutting down and abandoning module Slate (184)
[2017.09.29-17.03.25:271][772]LogModuleManager: Shutting down and abandoning module EditorStyle (182)
[2017.09.29-17.03.25:274][772]LogModuleManager: Shutting down and abandoning module MRMesh (180)
[2017.09.29-17.03.25:274][772]LogModuleManager: Shutting down and abandoning module SourceCodeAccess (178)
[2017.09.29-17.03.25:274][772]LogModuleManager: Shutting down and abandoning module HeadMountedDisplay (176)
[2017.09.29-17.03.25:274][772]LogModuleManager: Shutting down and abandoning module XAudio2 (174)
[2017.09.29-17.03.25:274][772]LogModuleManager: Shutting down and abandoning module Networking (172)
[2017.09.29-17.03.25:274][772]LogModuleManager: Shutting down and abandoning module Core (168)
[2017.09.29-17.03.25:274][772]LogModuleManager: Shutting down and abandoning module KismetCompiler (164)
[2017.09.29-17.03.25:274][772]LogModuleManager: Shutting down and abandoning module MeshUtilities (162)
[2017.09.29-17.03.25:274][772]LogModuleManager: Shutting down and abandoning module MeshMergeUtilities (161)
[2017.09.29-17.03.25:274][772]LogModuleManager: Shutting down and abandoning module MeshReductionInterface (160)
[2017.09.29-17.03.25:274][772]LogModuleManager: Shutting down and abandoning module SimplygonSwarm (159)
[2017.09.29-17.03.25:274][772]LogModuleManager: Shutting down and abandoning module SimplygonMeshReduction (157)
[2017.09.29-17.03.25:274][772]LogModuleManager: Shutting down and abandoning module QuadricMeshReduction (155)
[2017.09.29-17.03.25:274][772]LogModuleManager: Shutting down and abandoning module MaterialBaking (151)
[2017.09.29-17.03.25:274][772]LogModuleManager: Shutting down and abandoning module LevelSequence (148)
[2017.09.29-17.03.25:274][772]LogModuleManager: Shutting down and abandoning module DirectoryWatcher (146)
[2017.09.29-17.03.25:275][772]LogModuleManager: Shutting down and abandoning module DerivedDataCache (144)
[2017.09.29-17.03.25:282][772]LogDerivedDataCache: Shutdown
[2017.09.29-17.03.25:282][772]LogModuleManager: Shutting down and abandoning module TargetPlatform (142)
[2017.09.29-17.03.25:282][772]LogModuleManager: Shutting down and abandoning module VulkanShaderFormat (141)
[2017.09.29-17.03.25:282][772]LogModuleManager: Shutting down and abandoning module ShaderFormatVectorVM (139)
[2017.09.29-17.03.25:282][772]LogModuleManager: Shutting down and abandoning module ShaderFormatOpenGL (137)
[2017.09.29-17.03.25:282][772]LogModuleManager: Shutting down and abandoning module ShaderFormatD3D (135)
[2017.09.29-17.03.25:282][772]LogModuleManager: Shutting down and abandoning module MetalShaderFormat (133)
[2017.09.29-17.03.25:282][772]LogModuleManager: Shutting down and abandoning module TextureFormatUncompressed (131)
[2017.09.29-17.03.25:282][772]LogModuleManager: Shutting down and abandoning module TextureFormatPVR (129)
[2017.09.29-17.03.25:282][772]LogModuleManager: Shutting down and abandoning module TextureFormatDXT (127)
[2017.09.29-17.03.25:282][772]LogModuleManager: Shutting down and abandoning module TextureFormatIntelISPCTexComp (125)
[2017.09.29-17.03.25:282][772]LogModuleManager: Shutting down and abandoning module TextureFormatASTC (123)
[2017.09.29-17.03.25:282][772]LogModuleManager: Shutting down and abandoning module ImageWrapper (122)
[2017.09.29-17.03.25:282][772]LogModuleManager: Shutting down and abandoning module TextureFormatAndroid (119)
[2017.09.29-17.03.25:282][772]LogModuleManager: Shutting down and abandoning module AudioFormatOpus (117)
[2017.09.29-17.03.25:282][772]LogModuleManager: Shutting down and abandoning module AudioFormatOgg (115)
[2017.09.29-17.03.25:282][772]LogModuleManager: Shutting down and abandoning module AudioFormatADPCM (113)
[2017.09.29-17.03.25:282][772]LogModuleManager: Shutting down and abandoning module LinuxTargetPlatform (111)
[2017.09.29-17.03.25:282][772]LogModuleManager: Shutting down and abandoning module LinuxServerTargetPlatform (109)
[2017.09.29-17.03.25:282][772]LogModuleManager: Shutting down and abandoning module LinuxNoEditorTargetPlatform (107)
[2017.09.29-17.03.25:282][772]LogModuleManager: Shutting down and abandoning module LinuxClientTargetPlatform (105)
[2017.09.29-17.03.25:282][772]LogModuleManager: Shutting down and abandoning module TVOSTargetPlatform (103)
[2017.09.29-17.03.25:282][772]LogModuleManager: Shutting down and abandoning module Messaging (101)
[2017.09.29-17.03.25:282][772]LogModuleManager: Shutting down and abandoning module IOSTargetPlatform (99)
[2017.09.29-17.03.25:282][772]LogModuleManager: Shutting down and abandoning module HTML5TargetPlatform (97)
[2017.09.29-17.03.25:282][772]LogModuleManager: Shutting down and abandoning module Android_PVRTCTargetPlatform (95)
[2017.09.29-17.03.25:282][772]LogModuleManager: Shutting down and abandoning module Android_MultiTargetPlatform (93)
[2017.09.29-17.03.25:282][772]LogModuleManager: Shutting down and abandoning module Android_ETC2TargetPlatform (91)
[2017.09.29-17.03.25:282][772]LogModuleManager: Shutting down and abandoning module Android_ETC1TargetPlatform (89)
[2017.09.29-17.03.25:282][772]LogModuleManager: Shutting down and abandoning module Android_DXTTargetPlatform (87)
[2017.09.29-17.03.25:282][772]LogModuleManager: Shutting down and abandoning module Android_ATCTargetPlatform (85)
[2017.09.29-17.03.25:282][772]LogModuleManager: Shutting down and abandoning module Android_ASTCTargetPlatform (83)
[2017.09.29-17.03.25:282][772]LogModuleManager: Shutting down and abandoning module AndroidTargetPlatform (81)
[2017.09.29-17.03.25:282][772]LogModuleManager: Shutting down and abandoning module WindowsTargetPlatform (79)
[2017.09.29-17.03.25:282][772]LogModuleManager: Shutting down and abandoning module WindowsServerTargetPlatform (77)
[2017.09.29-17.03.25:282][772]LogModuleManager: Shutting down and abandoning module WindowsNoEditorTargetPlatform (75)
[2017.09.29-17.03.25:283][772]LogModuleManager: Shutting down and abandoning module WindowsClientTargetPlatform (73)
[2017.09.29-17.03.25:283][772]LogModuleManager: Shutting down and abandoning module MacTargetPlatform (71)
[2017.09.29-17.03.25:283][772]LogModuleManager: Shutting down and abandoning module MacServerTargetPlatform (69)
[2017.09.29-17.03.25:283][772]LogModuleManager: Shutting down and abandoning module MacNoEditorTargetPlatform (67)
[2017.09.29-17.03.25:283][772]LogModuleManager: Shutting down and abandoning module MacClientTargetPlatform (65)
[2017.09.29-17.03.25:283][772]LogModuleManager: Shutting down and abandoning module AllDesktopTargetPlatform (63)
[2017.09.29-17.03.25:283][772]LogModuleManager: Shutting down and abandoning module InputCore (60)
[2017.09.29-17.03.25:283][772]LogModuleManager: Shutting down and abandoning module Settings (58)
[2017.09.29-17.03.25:283][772]LogModuleManager: Shutting down and abandoning module PhysXCooking (56)
[2017.09.29-17.03.25:283][772]LogModuleManager: Shutting down and abandoning module SteamVR (54)
[2017.09.29-17.03.25:283][772]LogModuleManager: Shutting down and abandoning module OculusHMD (52)
[2017.09.29-17.03.25:283][772]LogModuleManager: Shutting down and abandoning module ExampleDeviceProfileSelector (50)
[2017.09.29-17.03.25:283][772]LogModuleManager: Shutting down and abandoning module OnlineBlueprintSupport (48)
[2017.09.29-17.03.25:283][772]LogModuleManager: Shutting down and abandoning module OnlineSubsystem (44)
[2017.09.29-17.03.25:283][772]LogOnline: Display: Unloading online subsystem: NULL
[2017.09.29-17.03.25:283][772]LogModuleManager: Shutting down and abandoning module XMPP (43)
[2017.09.29-17.03.25:283][772]LogModuleManager: Shutting down and abandoning module HTTP (41)
[2017.09.29-17.03.25:283][772]LogHttp: Display: Http module shutting down, but needs to wait on 1 outstanding Http requests:
[2017.09.29-17.03.25:283][772]LogHttp: Display: 	verb=[POST] url=[https://datarouter.ol.epicgames.com/datarouter/api/v1/public/data?SessionID=%7BB25304CA-4A70-486C-A213-9CBD06B72A7E%7D&AppID=UEEditor.Rocket.Release&AppVersion=4.17.2-3658906%2B%2B%2BUE4%2BRelease-4.17&UserID=1cd6a3ca4895779a846852a64bb1f3e6%7C622223316a634410a1e633e88609a536%7C36e699d6-10e1-4127-a6f3-c9c8bd8dd8fe&AppEnvironment=datacollector-binary&UploadType=eteventstream] status=Processing
[2017.09.29-17.03.25:283][772]LogHttp: Warning: 0000000039B75600: request failed, libcurl error: 6 (Couldn't resolve host name)
[2017.09.29-17.03.25:283][772]LogHttp: Warning: 0000000039B75600: libcurl info message cache 0 (Could not resolve host: datarouter.ol.epicgames.com)
[2017.09.29-17.03.25:283][772]LogHttp: Warning: 0000000039B75600: libcurl info message cache 1 (Closing connection 3)
[2017.09.29-17.03.25:295][772]LogModuleManager: Shutting down and abandoning module SSL (40)
[2017.09.29-17.03.25:297][772]LogModuleManager: Shutting down and abandoning module AnimationModifiers (36)
[2017.09.29-17.03.25:297][772]LogModuleManager: Shutting down and abandoning module PropertyEditor (35)
[2017.09.29-17.03.25:297][772]LogModuleManager: Shutting down and abandoning module AudioEditor (32)
[2017.09.29-17.03.25:297][772]LogModuleManager: Shutting down and abandoning module TextureCompressor (30)
[2017.09.29-17.03.25:297][772]LogModuleManager: Shutting down and abandoning module ShaderCore (28)
[2017.09.29-17.03.25:297][772]LogModuleManager: Shutting down and abandoning module Landscape (26)
[2017.09.29-17.03.25:297][772]LogModuleManager: Shutting down and abandoning module SlateRHIRenderer (24)
[2017.09.29-17.03.25:298][772]LogModuleManager: Shutting down and abandoning module OpenGLDrv (22)
[2017.09.29-17.03.25:298][772]LogModuleManager: Shutting down and abandoning module D3D11RHI (20)
[2017.09.29-17.03.25:298][772]LogModuleManager: Shutting down and abandoning module AnimGraphRuntime (18)
[2017.09.29-17.03.25:298][772]LogModuleManager: Shutting down and abandoning module Renderer (16)
[2017.09.29-17.03.25:298][772]LogModuleManager: Shutting down and abandoning module Engine (14)
[2017.09.29-17.03.25:298][772]LogModuleManager: Shutting down and abandoning module CoreUObject (12)
[2017.09.29-17.03.25:298][772]LogModuleManager: Shutting down and abandoning module NetworkFile (10)
[2017.09.29-17.03.25:298][772]LogModuleManager: Shutting down and abandoning module CookedIterativeFile (8)
[2017.09.29-17.03.25:298][772]LogModuleManager: Shutting down and abandoning module StreamingFile (6)
[2017.09.29-17.03.25:298][772]LogModuleManager: Shutting down and abandoning module SandboxFile (4)
[2017.09.29-17.03.25:298][772]LogModuleManager: Shutting down and abandoning module PakFile (2)
[2017.09.29-17.03.25:300][772]LogExit: Exiting.
[2017.09.29-17.03.25:722][772]Log file closed, 09/29/17 13:03:25
